[debug] [2025-05-09T18:44:17.848Z] ----------------------------------------------------------------------
[debug] [2025-05-09T18:44:17.851Z] Command:       C:\Program Files\nodejs\node.exe C:\Users\MYCOM\AppData\Roaming\npm\node_modules\firebase-tools\lib\bin\firebase.js deploy
[debug] [2025-05-09T18:44:17.852Z] CLI Version:   14.1.0
[debug] [2025-05-09T18:44:17.852Z] Platform:      win32
[debug] [2025-05-09T18:44:17.852Z] Node Version:  v22.14.0
[debug] [2025-05-09T18:44:17.853Z] Time:          Fri May 09 2025 21:44:17 GMT+0300 (Eastern European Summer Time)
[debug] [2025-05-09T18:44:17.853Z] ----------------------------------------------------------------------
[debug] 
[debug] [2025-05-09T18:44:17.858Z] >>> [apiv2][query] GET https://firebase-public.firebaseio.com/cli.json [none]
[debug] [2025-05-09T18:44:18.185Z] > command requires scopes: ["email","openid","https://www.googleapis.com/auth/cloudplatformprojects.readonly","https://www.googleapis.com/auth/firebase","https://www.googleapis.com/auth/cloud-platform"]
[debug] [2025-05-09T18:44:18.185Z] > authorizing via signed-in user (khodorj271@gmail.com)
[debug] [2025-05-09T18:44:18.186Z] [iam] checking project jefowwbserives for permissions ["firebase.projects.get","firebasehosting.sites.update"]
[debug] [2025-05-09T18:44:18.186Z] Checked if tokens are valid: false, expires at: 1746200646788
[debug] [2025-05-09T18:44:18.187Z] Checked if tokens are valid: false, expires at: 1746200646788
[debug] [2025-05-09T18:44:18.187Z] > refreshing access token with scopes: []
[debug] [2025-05-09T18:44:18.188Z] >>> [apiv2][query] POST https://www.googleapis.com/oauth2/v3/token [none]
[debug] [2025-05-09T18:44:18.188Z] >>> [apiv2][body] POST https://www.googleapis.com/oauth2/v3/token [omitted]
[debug] [2025-05-09T18:44:21.670Z] <<< [apiv2][status] GET https://firebase-public.firebaseio.com/cli.json 200
[debug] [2025-05-09T18:44:21.670Z] <<< [apiv2][body] GET https://firebase-public.firebaseio.com/cli.json {"cloudBuildErrorAfter":1594252800000,"cloudBuildWarnAfter":1590019200000,"defaultNode10After":1594252800000,"minVersion":"3.0.5","node8DeploysDisabledAfter":1613390400000,"node8RuntimeDisabledAfter":1615809600000,"node8WarnAfter":1600128000000}
[debug] [2025-05-09T18:44:23.333Z] <<< [apiv2][status] POST https://www.googleapis.com/oauth2/v3/token 200
[debug] [2025-05-09T18:44:23.333Z] <<< [apiv2][body] POST https://www.googleapis.com/oauth2/v3/token [omitted]
[debug] [2025-05-09T18:44:23.345Z] >>> [apiv2][query] POST https://cloudresourcemanager.googleapis.com/v1/projects/jefowwbserives:testIamPermissions [none]
[debug] [2025-05-09T18:44:23.345Z] >>> [apiv2][(partial)header] POST https://cloudresourcemanager.googleapis.com/v1/projects/jefowwbserives:testIamPermissions x-goog-quota-user=projects/jefowwbserives
[debug] [2025-05-09T18:44:23.345Z] >>> [apiv2][body] POST https://cloudresourcemanager.googleapis.com/v1/projects/jefowwbserives:testIamPermissions {"permissions":["firebase.projects.get","firebasehosting.sites.update"]}
[debug] [2025-05-09T18:44:24.981Z] <<< [apiv2][status] POST https://cloudresourcemanager.googleapis.com/v1/projects/jefowwbserives:testIamPermissions 200
[debug] [2025-05-09T18:44:24.981Z] <<< [apiv2][body] POST https://cloudresourcemanager.googleapis.com/v1/projects/jefowwbserives:testIamPermissions {}
[debug] [2025-05-09T18:44:24.981Z] [iam] error while checking permissions, command may fail: Authorization failed. This account is missing the following required permissions on project jefowwbserives:

  firebase.projects.get
  firebasehosting.sites.update
[debug] [2025-05-09T18:44:24.982Z] Checked if tokens are valid: true, expires at: 1746819862333
[debug] [2025-05-09T18:44:24.982Z] Checked if tokens are valid: true, expires at: 1746819862333
[debug] [2025-05-09T18:44:24.983Z] >>> [apiv2][query] GET https://firebase.googleapis.com/v1beta1/projects/jefowwbserives [none]
[debug] [2025-05-09T18:44:25.485Z] <<< [apiv2][status] GET https://firebase.googleapis.com/v1beta1/projects/jefowwbserives 403
[debug] [2025-05-09T18:44:25.485Z] <<< [apiv2][body] GET https://firebase.googleapis.com/v1beta1/projects/jefowwbserives {"error":{"code":403,"message":"The caller does not have permission","status":"PERMISSION_DENIED"}}
[debug] [2025-05-09T18:44:25.486Z] Request to https://firebase.googleapis.com/v1beta1/projects/jefowwbserives had HTTP Error: 403, The caller does not have permission
[debug] [2025-05-09T18:44:25.756Z] FirebaseError: Request to https://firebase.googleapis.com/v1beta1/projects/jefowwbserives had HTTP Error: 403, The caller does not have permission
    at responseToError (C:\Users\MYCOM\AppData\Roaming\npm\node_modules\firebase-tools\lib\responseToError.js:52:12)
    at RetryOperation._fn (C:\Users\MYCOM\AppData\Roaming\npm\node_modules\firebase-tools\lib\apiv2.js:312:77)
    at process.processTicksAndRejections (node:internal/process/task_queues:105:5)
[error] 
[error] Error: Failed to get Firebase project jefowwbserives. Please make sure the project exists and your account has permission to access it.
